IQ-TREE multicore version 2.0.7 for Linux 64-bit built Jan 21 2022
Developed by Bui Quang Minh, Nguyen Lam Tung, Olga Chernomor,
Heiko Schmidt, Dominik Schrempf, Michael Woodhams.

Host:    LAPTOP-GSVN34HQ (AVX512, FMA3, 7 GB RAM)
Command: iqtree2 -s NFECIMNI_00017_aligned.fasta -m LG+G4 -bb 1000
Seed:    881618 (Using SPRNG - Scalable Parallel Random Number Generator)
Time:    Tue Sep 17 10:24:53 2024
Kernel:  AVX+FMA - 1 threads (8 CPU cores detected)

HINT: Use -nt option to specify number of threads because your CPU has 8 cores!
HINT: -nt AUTO will automatically determine the best number of threads to use.

Reading alignment file NFECIMNI_00017_aligned.fasta ... Fasta format detected
Alignment most likely contains protein sequences
Alignment has 17 sequences with 412 columns, 389 distinct patterns
254 parsimony-informative, 88 singleton sites, 70 constant sites
                            Gap/Ambiguity  Composition  p-value
   1  NFECIMNI_00017               10.92%    failed      0.97%
   2  sp|A0A7H0DN21.1|RIR2_MONPV   22.57%    passed     99.97%
   3  sp|O57175.1|RIR2_VACCA       22.57%    passed     99.99%
   4  sp|P09247.1|RIR2_VZVD        25.73%    passed     20.64%
   5  sp|P0C8I0.1|RIR2_ASFK5       20.63%    passed     69.02%
   6  sp|P0C8I1.1|RIR2_ASFP4       20.63%    passed     88.93%
   7  sp|P0C8I2.1|RIR2_ASFWA       20.63%    passed     77.32%
   8  sp|P0DSS7.1|RIR2_VAR67       22.57%    passed     99.99%
   9  sp|P0DSS8.1|RIR2_VARV        22.57%    passed     99.99%
  10  sp|P11156.2|RIR2_BPT4         5.83%    passed     56.90%
  11  sp|P11158.1|RIR2_VACCW       22.57%    passed     99.99%
  12  sp|P20493.1|RIR2_VACCC       22.57%    passed     99.99%
  13  sp|P29883.1|RIR2_VACCP       22.57%    passed     99.96%
  14  sp|P32209.1|RIR2_SWPVK       33.50%    passed     92.87%
  15  sp|Q6UDJ1.1|RIR2_PSHV1       24.03%    passed     17.20%
  16  sp|Q9DHU2.1|RIR2_YLDV        21.12%    passed     66.00%
  17  sp|Q9QTF2.1|RIR2_RSIV        24.27%    passed     16.84%
****  TOTAL                        21.49%  1 sequences failed composition chi2 test (p-value<5%; df=19)

Create initial parsimony tree by phylogenetic likelihood library (PLL)... 0.002 seconds
Generating 1000 samples for ultrafast bootstrap (seed: 881618)...

NOTE: 5 MB RAM (0 GB) is required!
Estimate model parameters (epsilon = 0.100)
1. Initial log-likelihood: -6364.095
2. Current log-likelihood: -6224.116
3. Current log-likelihood: -6217.034
4. Current log-likelihood: -6216.553
Optimal log-likelihood: -6216.471
Gamma shape alpha: 1.743
Parameters optimization took 4 rounds (0.449 sec)
Computing ML distances based on estimated model parameters... 0.031 sec
Computing BIONJ tree...
0.019 seconds
Log-likelihood of BIONJ tree: -6211.154
--------------------------------------------------------------------
|             INITIALIZING CANDIDATE TREE SET                      |
--------------------------------------------------------------------
Generating 98 parsimony trees... 0.155 second
Computing log-likelihood of 98 initial trees ... 1.760 seconds
Current best score: -6211.154

Do NNI search on 20 best initial trees
Estimate model parameters (epsilon = 0.100)
BETTER TREE FOUND at iteration 1: -6211.153
Estimate model parameters (epsilon = 0.100)
BETTER TREE FOUND at iteration 3: -6210.293
Iteration 10 / LogL: -6210.296 / Time: 0h:0m:6s
UPDATE BEST LOG-LIKELIHOOD: -6210.292
UPDATE BEST LOG-LIKELIHOOD: -6210.292
UPDATE BEST LOG-LIKELIHOOD: -6210.292
UPDATE BEST LOG-LIKELIHOOD: -6210.291
Iteration 20 / LogL: -6210.291 / Time: 0h:0m:11s
Finish initializing candidate tree set (3)
Current best tree score: -6210.291 / CPU time: 10.700
Number of iterations: 20
--------------------------------------------------------------------
|               OPTIMIZING CANDIDATE TREE SET                      |
--------------------------------------------------------------------
UPDATE BEST LOG-LIKELIHOOD: -6210.290
Iteration 30 / LogL: -6210.314 / Time: 0h:0m:16s (0h:0m:40s left)
Iteration 40 / LogL: -6210.308 / Time: 0h:0m:20s (0h:0m:33s left)
UPDATE BEST LOG-LIKELIHOOD: -6210.290
Iteration 50 / LogL: -6210.566 / Time: 0h:0m:24s (0h:0m:26s left)
Log-likelihood cutoff on original alignment: -6245.396
Iteration 60 / LogL: -6210.291 / Time: 0h:0m:28s (0h:0m:21s left)
Iteration 70 / LogL: -6210.558 / Time: 0h:0m:33s (0h:0m:15s left)
Iteration 80 / LogL: -6210.563 / Time: 0h:0m:36s (0h:0m:10s left)
Iteration 90 / LogL: -6210.370 / Time: 0h:0m:40s (0h:0m:5s left)
Iteration 100 / LogL: -6210.291 / Time: 0h:0m:44s (0h:0m:1s left)
Log-likelihood cutoff on original alignment: -6236.555
NOTE: Bootstrap correlation coefficient of split occurrence frequencies: 0.999
TREE SEARCH COMPLETED AFTER 104 ITERATIONS / Time: 0h:0m:46s

--------------------------------------------------------------------
|                    FINALIZING TREE SEARCH                        |
--------------------------------------------------------------------
Performs final model parameters optimization
Estimate model parameters (epsilon = 0.010)
1. Initial log-likelihood: -6210.290
Optimal log-likelihood: -6210.290
Gamma shape alpha: 1.767
Parameters optimization took 1 rounds (0.056 sec)
BEST SCORE FOUND : -6210.290
Creating bootstrap support values...
Split supports printed to NEXUS file NFECIMNI_00017_aligned.fasta.splits.nex
Total tree length: 8.839

Total number of iterations: 104
CPU time used for tree search: 45.562 sec (0h:0m:45s)
Wall-clock time used for tree search: 46.033 sec (0h:0m:46s)
Total CPU time used: 46.234 sec (0h:0m:46s)
Total wall-clock time used: 46.736 sec (0h:0m:46s)

Computing bootstrap consensus tree...
Reading input file NFECIMNI_00017_aligned.fasta.splits.nex...
17 taxa and 94 splits.
Consensus tree written to NFECIMNI_00017_aligned.fasta.contree
Reading input trees file NFECIMNI_00017_aligned.fasta.contree
Log-likelihood of consensus tree: -6210.291

Analysis results written to: 
  IQ-TREE report:                NFECIMNI_00017_aligned.fasta.iqtree
  Maximum-likelihood tree:       NFECIMNI_00017_aligned.fasta.treefile
  Likelihood distances:          NFECIMNI_00017_aligned.fasta.mldist

Ultrafast bootstrap approximation results written to:
  Split support values:          NFECIMNI_00017_aligned.fasta.splits.nex
  Consensus tree:                NFECIMNI_00017_aligned.fasta.contree
  Screen log file:               NFECIMNI_00017_aligned.fasta.log

Date and Time: Tue Sep 17 10:25:40 2024
