[18:32:49] This is prokka 1.14.6
[18:32:49] Written by Torsten Seemann <torsten.seemann@gmail.com>
[18:32:49] Homepage is https://github.com/tseemann/prokka
[18:32:49] Local time is Thu Aug  8 18:32:49 2024
[18:32:49] You are hang
[18:32:49] Operating system is linux
[18:32:49] You have BioPerl 1.7.8
[18:32:49] System has 8 cores.
[18:32:49] Will use maximum of 8 cores.
[18:32:49] Annotating as >>> Viruses <<<
[18:32:49] Generating locus_tag from 'LR813619.1.fasta' contents.
[18:32:49] Setting --locustag NFECIMNI from MD5 7fec2672e838110d13e3f1feb4e63cb0
[18:32:49] Creating new output folder: /home/hang/project/pro_7-8/annotation
[18:32:49] Running: mkdir -p \/home\/hang\/project\/pro_7\-8\/annotation
[18:32:49] Using filename prefix: PVN02.XXX
[18:32:49] Setting HMMER_NCPU=1
[18:32:49] Writing log to: /home/hang/project/pro_7-8/annotation/PVN02.log
[18:32:49] Command: /home/hang/anaconda3/bin/prokka --outdir /home/hang/project/pro_7-8/annotation --prefix PVN02 --kingdom Viruses LR813619.1.fasta
[18:32:49] Appending to PATH: /home/hang/anaconda3/bin
[18:32:49] Looking for 'aragorn' - found /home/hang/anaconda3/bin/aragorn
[18:32:49] Determined aragorn version is 001002 from 'ARAGORN v1.2.41 Dean Laslett'
[18:32:49] Looking for 'barrnap' - found /home/hang/anaconda3/bin/barrnap
[18:32:50] Determined barrnap version is 000009 from 'barrnap 0.9'
[18:32:50] Looking for 'blastp' - found /home/hang/anaconda3/bin/blastp
[18:32:50] Determined blastp version is 002016 from 'blastp: 2.16.0+'
[18:32:50] Looking for 'cmpress' - found /home/hang/anaconda3/bin/cmpress
[18:32:50] Determined cmpress version is 001001 from '# INFERNAL 1.1.5 (Sep 2023)'
[18:32:50] Looking for 'cmscan' - found /home/hang/anaconda3/bin/cmscan
[18:32:50] Determined cmscan version is 001001 from '# INFERNAL 1.1.5 (Sep 2023)'
[18:32:50] Looking for 'egrep' - found /usr/bin/egrep
[18:32:50] Looking for 'find' - found /usr/bin/find
[18:32:50] Looking for 'grep' - found /usr/bin/grep
[18:32:50] Looking for 'hmmpress' - found /home/hang/anaconda3/bin/hmmpress
[18:32:51] Determined hmmpress version is 003004 from '# HMMER 3.4 (Aug 2023); http://hmmer.org/'
[18:32:51] Looking for 'hmmscan' - found /home/hang/anaconda3/bin/hmmscan
[18:32:51] Determined hmmscan version is 003004 from '# HMMER 3.4 (Aug 2023); http://hmmer.org/'
[18:32:51] Looking for 'java' - found /home/hang/anaconda3/bin/java
[18:32:51] Looking for 'makeblastdb' - found /home/hang/anaconda3/bin/makeblastdb
[18:32:51] Determined makeblastdb version is 002016 from 'makeblastdb: 2.16.0+'
[18:32:51] Looking for 'minced' - found /home/hang/anaconda3/bin/minced
[18:32:51] Determined minced version is 004002 from 'minced 0.4.2'
[18:32:51] Looking for 'parallel' - found /home/hang/anaconda3/bin/parallel
[18:32:52] Determined parallel version is 20240722 from 'GNU parallel 20240722'
[18:32:52] Looking for 'prodigal' - found /home/hang/anaconda3/bin/prodigal
[18:32:52] Determined prodigal version is 002006 from 'Prodigal V2.6.3: February, 2016'
[18:32:52] Looking for 'prokka-genbank_to_fasta_db' - found /home/hang/anaconda3/bin/prokka-genbank_to_fasta_db
[18:32:52] Looking for 'sed' - found /usr/bin/sed
[18:32:52] Looking for 'tbl2asn' - found /home/hang/anaconda3/bin/tbl2asn
[18:32:52] Determined tbl2asn version is 025007 from 'tbl2asn 25.7   arguments:'
[18:32:52] Using genetic code table 1.
[18:32:52] Loading and checking input file: LR813619.1.fasta
[18:32:52] Changing illegal '|' to '_' in sequence name: ENA|LR813619|LR813619.1
[18:32:52] Wrote 1 contigs totalling 51668 bp.
[18:32:52] Predicting tRNAs and tmRNAs
[18:32:52] Running: aragorn -l -gc1  -w \/home\/hang\/project\/pro_7\-8\/annotation\/PVN02\.fna
[18:32:52] Found 0 tRNAs
[18:32:52] Disabling rRNA search: --kingdom=Viruses or --norrna=0
[18:32:52] Skipping ncRNA search, enable with --rfam if desired.
[18:32:52] Total of 0 tRNA + rRNA features
[18:32:52] Searching for CRISPR repeats
[18:32:53] Found 0 CRISPRs
[18:32:53] Predicting coding sequences
[18:32:53] Contigs total 51668 bp, so using meta mode
[18:32:53] Running: prodigal -i \/home\/hang\/project\/pro_7\-8\/annotation\/PVN02\.fna -c -m -g 1 -p meta -f sco -q
[18:32:53] Found 64 CDS
[18:32:53] Connecting features back to sequences
[18:32:53] Not using genus-specific database. Try --usegenus to enable it.
[18:32:53] Annotating CDS, please be patient.
[18:32:53] Will use 8 CPUs for similarity searching.
[18:32:53] There are still 64 unannotated CDS left (started with 64)
[18:32:53] Will use blast to search against /home/hang/anaconda3/db/kingdom/Viruses/sprot with 8 CPUs
[18:32:53] Running: cat \/home\/hang\/project\/pro_7\-8\/annotation\/PVN02\.sprot\.tmp\.65\.faa | parallel --gnu --plain -j 8 --block 986 --recstart '>' --pipe blastp -query - -db /home/hang/anaconda3/db/kingdom/Viruses/sprot -evalue 1e-09 -qcov_hsp_perc 80 -num_threads 1 -num_descriptions 1 -num_alignments 1 -seg no > \/home\/hang\/project\/pro_7\-8\/annotation\/PVN02\.sprot\.tmp\.65\.blast 2> /dev/null
[18:32:55] Deleting unwanted file: /home/hang/project/pro_7-8/annotation/PVN02.sprot.tmp.65.faa
[18:32:55] Deleting unwanted file: /home/hang/project/pro_7-8/annotation/PVN02.sprot.tmp.65.blast
[18:32:55] Labelling remaining 62 proteins as 'hypothetical protein'
[18:32:55] Found 2 unique /gene codes.
[18:32:55] Fixed 0 colliding /gene names.
[18:32:55] Adding /locus_tag identifiers
[18:32:55] Assigned 64 locus_tags to CDS and RNA features.
[18:32:55] Writing outputs to /home/hang/project/pro_7-8/annotation/
[18:32:56] Generating annotation statistics file
[18:32:56] Generating Genbank and Sequin files
[18:32:56] Running: tbl2asn -V b -a r10k -l paired-ends -M n -N 1 -y 'Annotated using prokka 1.14.6 from https://github.com/tseemann/prokka' -Z \/home\/hang\/project\/pro_7\-8\/annotation\/PVN02\.err -i \/home\/hang\/project\/pro_7\-8\/annotation\/PVN02\.fsa 2> /dev/null
[18:32:56] Deleting unwanted file: /home/hang/project/pro_7-8/annotation/errorsummary.val
[18:32:56] Deleting unwanted file: /home/hang/project/pro_7-8/annotation/PVN02.dr
[18:32:56] Deleting unwanted file: /home/hang/project/pro_7-8/annotation/PVN02.fixedproducts
[18:32:56] Deleting unwanted file: /home/hang/project/pro_7-8/annotation/PVN02.ecn
[18:32:56] Deleting unwanted file: /home/hang/project/pro_7-8/annotation/PVN02.val
[18:32:56] Repairing broken .GBK output that tbl2asn produces...
[18:32:56] Running: sed 's/COORDINATES: profile/COORDINATES:profile/' < \/home\/hang\/project\/pro_7\-8\/annotation\/PVN02\.gbf > \/home\/hang\/project\/pro_7\-8\/annotation\/PVN02\.gbk
[18:32:56] Deleting unwanted file: /home/hang/project/pro_7-8/annotation/PVN02.gbf
[18:32:56] Output files:
[18:32:56] /home/hang/project/pro_7-8/annotation/PVN02.err
[18:32:56] /home/hang/project/pro_7-8/annotation/PVN02.faa
[18:32:56] /home/hang/project/pro_7-8/annotation/PVN02.ffn
[18:32:56] /home/hang/project/pro_7-8/annotation/PVN02.fna
[18:32:56] /home/hang/project/pro_7-8/annotation/PVN02.fsa
[18:32:56] /home/hang/project/pro_7-8/annotation/PVN02.gbk
[18:32:56] /home/hang/project/pro_7-8/annotation/PVN02.gff
[18:32:56] /home/hang/project/pro_7-8/annotation/PVN02.log
[18:32:56] /home/hang/project/pro_7-8/annotation/PVN02.sqn
[18:32:56] /home/hang/project/pro_7-8/annotation/PVN02.tbl
[18:32:56] /home/hang/project/pro_7-8/annotation/PVN02.tsv
[18:32:56] /home/hang/project/pro_7-8/annotation/PVN02.txt
[18:32:56] Annotation finished successfully.
[18:32:56] Walltime used: 0.12 minutes
[18:32:56] If you use this result please cite the Prokka paper:
[18:32:56] Seemann T (2014) Prokka: rapid prokaryotic genome annotation. Bioinformatics. 30(14):2068-9.
[18:32:56] Type 'prokka --citation' for more details.
[18:32:56] Share and enjoy!
